  Application.cpp
C:\Users\lapiz\OneDrive\Documentos\Jueguito\GameKids\Project_9_Solution\Project_9_Solution\Source\ModuleInput.h(50,14): warning C4244: 'inicializando': conversión de 'double' a 'float'; posible pérdida de datos
C:\Users\lapiz\OneDrive\Documentos\Jueguito\GameKids\Project_9_Solution\Project_9_Solution\Source\Animation.h(54,19): warning C4244: 'inicializando': conversión de 'const float' a 'int'; posible pérdida de datos
C:\Users\lapiz\OneDrive\Documentos\Jueguito\GameKids\Project_9_Solution\Project_9_Solution\Source\Animation.h(56,30): warning C4244: '=': conversión de 'float' a 'int'; posible pérdida de datos
C:\Users\lapiz\OneDrive\Documentos\Jueguito\GameKids\Project_9_Solution\Project_9_Solution\Source\ModulePlayer.h(41,14): warning C4244: 'inicializando': conversión de 'double' a 'float'; posible pérdida de datos
  Enemy.cpp
C:\Users\lapiz\OneDrive\Documentos\Jueguito\GameKids\Project_9_Solution\Project_9_Solution\Source\Animation.h(54,19): warning C4244: 'inicializando': conversión de 'const float' a 'int'; posible pérdida de datos
C:\Users\lapiz\OneDrive\Documentos\Jueguito\GameKids\Project_9_Solution\Project_9_Solution\Source\Animation.h(56,30): warning C4244: '=': conversión de 'float' a 'int'; posible pérdida de datos
  Enemy_BrownShip.cpp
C:\Users\lapiz\OneDrive\Documentos\Jueguito\GameKids\Project_9_Solution\Project_9_Solution\Source\Animation.h(54,19): warning C4244: 'inicializando': conversión de 'const float' a 'int'; posible pérdida de datos
C:\Users\lapiz\OneDrive\Documentos\Jueguito\GameKids\Project_9_Solution\Project_9_Solution\Source\Animation.h(56,30): warning C4244: '=': conversión de 'float' a 'int'; posible pérdida de datos
  Enemy_Mech.cpp
C:\Users\lapiz\OneDrive\Documentos\Jueguito\GameKids\Project_9_Solution\Project_9_Solution\Source\Animation.h(54,19): warning C4244: 'inicializando': conversión de 'const float' a 'int'; posible pérdida de datos
C:\Users\lapiz\OneDrive\Documentos\Jueguito\GameKids\Project_9_Solution\Project_9_Solution\Source\Animation.h(56,30): warning C4244: '=': conversión de 'float' a 'int'; posible pérdida de datos
  Enemy_RedBird.cpp
C:\Users\lapiz\OneDrive\Documentos\Jueguito\GameKids\Project_9_Solution\Project_9_Solution\Source\Animation.h(54,19): warning C4244: 'inicializando': conversión de 'const float' a 'int'; posible pérdida de datos
C:\Users\lapiz\OneDrive\Documentos\Jueguito\GameKids\Project_9_Solution\Project_9_Solution\Source\Animation.h(56,30): warning C4244: '=': conversión de 'float' a 'int'; posible pérdida de datos
C:\Users\lapiz\OneDrive\Documentos\Jueguito\GameKids\Project_9_Solution\Project_9_Solution\Source\Enemy_RedBird.cpp(27,26): warning C4244: '=': conversión de 'float' a 'TYPE'; posible pérdida de datos
          with
          [
              TYPE=int
          ]
  Main.cpp
  Module.cpp
  ModuleAudio.cpp
  ModuleCollisions.cpp
C:\Users\lapiz\OneDrive\Documentos\Jueguito\GameKids\Project_9_Solution\Project_9_Solution\Source\ModuleInput.h(50,14): warning C4244: 'inicializando': conversión de 'double' a 'float'; posible pérdida de datos
  ModuleEnemies.cpp
C:\Users\lapiz\OneDrive\Documentos\Jueguito\GameKids\Project_9_Solution\Project_9_Solution\Source\Animation.h(54,19): warning C4244: 'inicializando': conversión de 'const float' a 'int'; posible pérdida de datos
C:\Users\lapiz\OneDrive\Documentos\Jueguito\GameKids\Project_9_Solution\Project_9_Solution\Source\Animation.h(56,30): warning C4244: '=': conversión de 'float' a 'int'; posible pérdida de datos
  ModuleFadeToBlack.cpp
C:\Users\lapiz\OneDrive\Documentos\Jueguito\GameKids\Project_9_Solution\Project_9_Solution\Source\ModuleFadeToBlack.cpp(78,19): warning C4244: '=': conversión de 'float' a 'Uint32'; posible pérdida de datos
  ModuleFonts.cpp
  ModuleInput.cpp
C:\Users\lapiz\OneDrive\Documentos\Jueguito\GameKids\Project_9_Solution\Project_9_Solution\Source\ModuleInput.h(50,14): warning C4244: 'inicializando': conversión de 'double' a 'float'; posible pérdida de datos
  ModuleParticles.cpp
C:\Users\lapiz\OneDrive\Documentos\Jueguito\GameKids\Project_9_Solution\Project_9_Solution\Source\Animation.h(54,19): warning C4244: 'inicializando': conversión de 'const float' a 'int'; posible pérdida de datos
C:\Users\lapiz\OneDrive\Documentos\Jueguito\GameKids\Project_9_Solution\Project_9_Solution\Source\Animation.h(56,30): warning C4244: '=': conversión de 'float' a 'int'; posible pérdida de datos
  ModulePlayer.cpp
C:\Users\lapiz\OneDrive\Documentos\Jueguito\GameKids\Project_9_Solution\Project_9_Solution\Source\Animation.h(54,19): warning C4244: 'inicializando': conversión de 'const float' a 'int'; posible pérdida de datos
C:\Users\lapiz\OneDrive\Documentos\Jueguito\GameKids\Project_9_Solution\Project_9_Solution\Source\Animation.h(56,30): warning C4244: '=': conversión de 'float' a 'int'; posible pérdida de datos
C:\Users\lapiz\OneDrive\Documentos\Jueguito\GameKids\Project_9_Solution\Project_9_Solution\Source\ModulePlayer.h(41,14): warning C4244: 'inicializando': conversión de 'double' a 'float'; posible pérdida de datos
C:\Users\lapiz\OneDrive\Documentos\Jueguito\GameKids\Project_9_Solution\Project_9_Solution\Source\ModuleInput.h(50,14): warning C4244: 'inicializando': conversión de 'double' a 'float'; posible pérdida de datos
  ModuleRender.cpp
C:\Users\lapiz\OneDrive\Documentos\Jueguito\GameKids\Project_9_Solution\Project_9_Solution\Source\ModuleInput.h(50,14): warning C4244: 'inicializando': conversión de 'double' a 'float'; posible pérdida de datos
C:\Users\lapiz\OneDrive\Documentos\Jueguito\GameKids\Project_9_Solution\Project_9_Solution\Source\Animation.h(54,19): warning C4244: 'inicializando': conversión de 'const float' a 'int'; posible pérdida de datos
C:\Users\lapiz\OneDrive\Documentos\Jueguito\GameKids\Project_9_Solution\Project_9_Solution\Source\Animation.h(56,30): warning C4244: '=': conversión de 'float' a 'int'; posible pérdida de datos
C:\Users\lapiz\OneDrive\Documentos\Jueguito\GameKids\Project_9_Solution\Project_9_Solution\Source\ModulePlayer.h(41,14): warning C4244: 'inicializando': conversión de 'double' a 'float'; posible pérdida de datos
C:\Users\lapiz\OneDrive\Documentos\Jueguito\GameKids\Project_9_Solution\Project_9_Solution\Source\ModuleRender.cpp(108,34): warning C4244: '-=': conversión de 'float' a 'int'; posible pérdida de datos
C:\Users\lapiz\OneDrive\Documentos\Jueguito\GameKids\Project_9_Solution\Project_9_Solution\Source\ModuleRender.cpp(109,34): warning C4244: '-=': conversión de 'float' a 'int'; posible pérdida de datos
  ModuleTextures.cpp
  ModuleWindow.cpp
  Particle.cpp
C:\Users\lapiz\OneDrive\Documentos\Jueguito\GameKids\Project_9_Solution\Project_9_Solution\Source\Animation.h(54,19): warning C4244: 'inicializando': conversión de 'const float' a 'int'; posible pérdida de datos
C:\Users\lapiz\OneDrive\Documentos\Jueguito\GameKids\Project_9_Solution\Project_9_Solution\Source\Animation.h(56,30): warning C4244: '=': conversión de 'float' a 'int'; posible pérdida de datos
C:\Users\lapiz\OneDrive\Documentos\Jueguito\GameKids\Project_9_Solution\Project_9_Solution\Source\Particle.cpp(39,19): warning C4018: '>=': no coinciden signed/unsigned
  Path.cpp
C:\Users\lapiz\OneDrive\Documentos\Jueguito\GameKids\Project_9_Solution\Project_9_Solution\Source\Animation.h(54,19): warning C4244: 'inicializando': conversión de 'const float' a 'int'; posible pérdida de datos
C:\Users\lapiz\OneDrive\Documentos\Jueguito\GameKids\Project_9_Solution\Project_9_Solution\Source\Animation.h(56,30): warning C4244: '=': conversión de 'float' a 'int'; posible pérdida de datos
  Generando código...
  Compilando...
  SceneIntro.cpp
C:\Users\lapiz\OneDrive\Documentos\Jueguito\GameKids\Project_9_Solution\Project_9_Solution\Source\Animation.h(54,19): warning C4244: 'inicializando': conversión de 'const float' a 'int'; posible pérdida de datos
C:\Users\lapiz\OneDrive\Documentos\Jueguito\GameKids\Project_9_Solution\Project_9_Solution\Source\Animation.h(56,30): warning C4244: '=': conversión de 'float' a 'int'; posible pérdida de datos
C:\Users\lapiz\OneDrive\Documentos\Jueguito\GameKids\Project_9_Solution\Project_9_Solution\Source\ModuleInput.h(50,14): warning C4244: 'inicializando': conversión de 'double' a 'float'; posible pérdida de datos
  SceneLevel1.cpp
C:\Users\lapiz\OneDrive\Documentos\Jueguito\GameKids\Project_9_Solution\Project_9_Solution\Source\Animation.h(54,19): warning C4244: 'inicializando': conversión de 'const float' a 'int'; posible pérdida de datos
C:\Users\lapiz\OneDrive\Documentos\Jueguito\GameKids\Project_9_Solution\Project_9_Solution\Source\Animation.h(56,30): warning C4244: '=': conversión de 'float' a 'int'; posible pérdida de datos
C:\Users\lapiz\OneDrive\Documentos\Jueguito\GameKids\Project_9_Solution\Project_9_Solution\Source\ModulePlayer.h(41,14): warning C4244: 'inicializando': conversión de 'double' a 'float'; posible pérdida de datos
  Generando código...
  Project_9_Solution.vcxproj -> C:\Users\lapiz\OneDrive\Documentos\Jueguito\GameKids\Project_9_Solution\Debug\Project_9_Solution.exe
