  Application.cpp
C:\Users\lapiz\Downloads\Project_9_Solution\Project_9_Solution\Source\Animation.h(54,19): warning C4244: 'inicializando': conversión de 'const float' a 'int'; posible pérdida de datos
C:\Users\lapiz\Downloads\Project_9_Solution\Project_9_Solution\Source\Animation.h(56,30): warning C4244: '=': conversión de 'float' a 'int'; posible pérdida de datos
  Collider.cpp
  Enemy.cpp
C:\Users\lapiz\Downloads\Project_9_Solution\Project_9_Solution\Source\Animation.h(54,19): warning C4244: 'inicializando': conversión de 'const float' a 'int'; posible pérdida de datos
C:\Users\lapiz\Downloads\Project_9_Solution\Project_9_Solution\Source\Animation.h(56,30): warning C4244: '=': conversión de 'float' a 'int'; posible pérdida de datos
  Enemy_BrownShip.cpp
C:\Users\lapiz\Downloads\Project_9_Solution\Project_9_Solution\Source\Animation.h(54,19): warning C4244: 'inicializando': conversión de 'const float' a 'int'; posible pérdida de datos
C:\Users\lapiz\Downloads\Project_9_Solution\Project_9_Solution\Source\Animation.h(56,30): warning C4244: '=': conversión de 'float' a 'int'; posible pérdida de datos
  Enemy_Mech.cpp
C:\Users\lapiz\Downloads\Project_9_Solution\Project_9_Solution\Source\Animation.h(54,19): warning C4244: 'inicializando': conversión de 'const float' a 'int'; posible pérdida de datos
C:\Users\lapiz\Downloads\Project_9_Solution\Project_9_Solution\Source\Animation.h(56,30): warning C4244: '=': conversión de 'float' a 'int'; posible pérdida de datos
  Enemy_RedBird.cpp
C:\Users\lapiz\Downloads\Project_9_Solution\Project_9_Solution\Source\Animation.h(54,19): warning C4244: 'inicializando': conversión de 'const float' a 'int'; posible pérdida de datos
C:\Users\lapiz\Downloads\Project_9_Solution\Project_9_Solution\Source\Animation.h(56,30): warning C4244: '=': conversión de 'float' a 'int'; posible pérdida de datos
C:\Users\lapiz\Downloads\Project_9_Solution\Project_9_Solution\Source\Enemy_RedBird.cpp(27,26): warning C4244: '=': conversión de 'float' a 'TYPE'; posible pérdida de datos
          with
          [
              TYPE=int
          ]
  Globals.cpp
  ModuleAudio.cpp
  ModuleCollisions.cpp
  ModuleEnemies.cpp
C:\Users\lapiz\Downloads\Project_9_Solution\Project_9_Solution\Source\Animation.h(54,19): warning C4244: 'inicializando': conversión de 'const float' a 'int'; posible pérdida de datos
C:\Users\lapiz\Downloads\Project_9_Solution\Project_9_Solution\Source\Animation.h(56,30): warning C4244: '=': conversión de 'float' a 'int'; posible pérdida de datos
  ModuleFadeToBlack.cpp
C:\Users\lapiz\Downloads\Project_9_Solution\Project_9_Solution\Source\ModuleFadeToBlack.cpp(78,19): warning C4244: '=': conversión de 'float' a 'Uint32'; posible pérdida de datos
  ModuleFonts.cpp
  ModuleParticles.cpp
C:\Users\lapiz\Downloads\Project_9_Solution\Project_9_Solution\Source\Animation.h(54,19): warning C4244: 'inicializando': conversión de 'const float' a 'int'; posible pérdida de datos
C:\Users\lapiz\Downloads\Project_9_Solution\Project_9_Solution\Source\Animation.h(56,30): warning C4244: '=': conversión de 'float' a 'int'; posible pérdida de datos
  SceneIntro.cpp
C:\Users\lapiz\Downloads\Project_9_Solution\Project_9_Solution\Source\Animation.h(54,19): warning C4244: 'inicializando': conversión de 'const float' a 'int'; posible pérdida de datos
C:\Users\lapiz\Downloads\Project_9_Solution\Project_9_Solution\Source\Animation.h(56,30): warning C4244: '=': conversión de 'float' a 'int'; posible pérdida de datos
  SceneLevel1.cpp
C:\Users\lapiz\Downloads\Project_9_Solution\Project_9_Solution\Source\Animation.h(54,19): warning C4244: 'inicializando': conversión de 'const float' a 'int'; posible pérdida de datos
C:\Users\lapiz\Downloads\Project_9_Solution\Project_9_Solution\Source\Animation.h(56,30): warning C4244: '=': conversión de 'float' a 'int'; posible pérdida de datos
  ModuleInput.cpp
  ModulePlayer.cpp
C:\Users\lapiz\Downloads\Project_9_Solution\Project_9_Solution\Source\Animation.h(54,19): warning C4244: 'inicializando': conversión de 'const float' a 'int'; posible pérdida de datos
C:\Users\lapiz\Downloads\Project_9_Solution\Project_9_Solution\Source\Animation.h(56,30): warning C4244: '=': conversión de 'float' a 'int'; posible pérdida de datos
  ModuleRender.cpp
C:\Users\lapiz\Downloads\Project_9_Solution\Project_9_Solution\Source\ModuleRender.cpp(104,34): warning C4244: '-=': conversión de 'float' a 'int'; posible pérdida de datos
C:\Users\lapiz\Downloads\Project_9_Solution\Project_9_Solution\Source\ModuleRender.cpp(105,34): warning C4244: '-=': conversión de 'float' a 'int'; posible pérdida de datos
C:\Users\lapiz\Downloads\Project_9_Solution\Project_9_Solution\Source\ModuleRender.cpp(142,34): warning C4244: '-=': conversión de 'float' a 'int'; posible pérdida de datos
C:\Users\lapiz\Downloads\Project_9_Solution\Project_9_Solution\Source\ModuleRender.cpp(143,34): warning C4244: '-=': conversión de 'float' a 'int'; posible pérdida de datos
  ModuleTextures.cpp
  ModuleWindow.cpp
  Generando código...
  Compilando...
  Main.cpp
  Module.cpp
  Particle.cpp
C:\Users\lapiz\Downloads\Project_9_Solution\Project_9_Solution\Source\Animation.h(54,19): warning C4244: 'inicializando': conversión de 'const float' a 'int'; posible pérdida de datos
C:\Users\lapiz\Downloads\Project_9_Solution\Project_9_Solution\Source\Animation.h(56,30): warning C4244: '=': conversión de 'float' a 'int'; posible pérdida de datos
C:\Users\lapiz\Downloads\Project_9_Solution\Project_9_Solution\Source\Particle.cpp(39,19): warning C4018: '>=': no coinciden signed/unsigned
  Path.cpp
C:\Users\lapiz\Downloads\Project_9_Solution\Project_9_Solution\Source\Animation.h(54,19): warning C4244: 'inicializando': conversión de 'const float' a 'int'; posible pérdida de datos
C:\Users\lapiz\Downloads\Project_9_Solution\Project_9_Solution\Source\Animation.h(56,30): warning C4244: '=': conversión de 'float' a 'int'; posible pérdida de datos
  Generando código...
  Project_9_Solution.vcxproj -> C:\Users\lapiz\Downloads\Project_9_Solution\Debug\Project_9_Solution.exe
